CPU Reset (CPU 0)
EAX=00000000 EBX=00000000 ECX=00000000 EDX=00000000
ESI=00000000 EDI=00000000 EBP=00000000 ESP=00000000
EIP=00000000 EFL=00000000 [-------] CPL=0 II=0 A20=0 SMM=0 HLT=0
ES =0000 00000000 00000000 00000000
CS =0000 00000000 00000000 00000000
SS =0000 00000000 00000000 00000000
DS =0000 00000000 00000000 00000000
FS =0000 00000000 00000000 00000000
GS =0000 00000000 00000000 00000000
LDT=0000 00000000 00000000 00000000
TR =0000 00000000 00000000 00000000
GDT=     00000000 00000000
IDT=     00000000 00000000
CR0=00000000 CR2=00000000 CR3=00000000 CR4=00000000
DR0=00000000 DR1=00000000 DR2=00000000 DR3=00000000 
DR6=00000000 DR7=00000000
CCS=00000000 CCD=00000000 CCO=DYNAMIC 
EFER=0000000000000000
FCW=0000 FSW=0000 [ST=0] FTW=ff MXCSR=00000000
FPR0=0000000000000000 0000 FPR1=0000000000000000 0000
FPR2=0000000000000000 0000 FPR3=0000000000000000 0000
FPR4=0000000000000000 0000 FPR5=0000000000000000 0000
FPR6=0000000000000000 0000 FPR7=0000000000000000 0000
XMM00=00000000000000000000000000000000 XMM01=00000000000000000000000000000000
XMM02=00000000000000000000000000000000 XMM03=00000000000000000000000000000000
XMM04=00000000000000000000000000000000 XMM05=00000000000000000000000000000000
XMM06=00000000000000000000000000000000 XMM07=00000000000000000000000000000000
CPU Reset (CPU 0)
EAX=00000000 EBX=00000000 ECX=00000000 EDX=00000663
ESI=00000000 EDI=00000000 EBP=00000000 ESP=00000000
EIP=0000fff0 EFL=00000002 [-------] CPL=0 II=0 A20=1 SMM=0 HLT=0
ES =0000 00000000 0000ffff 00009300
CS =f000 ffff0000 0000ffff 00009b00
SS =0000 00000000 0000ffff 00009300
DS =0000 00000000 0000ffff 00009300
FS =0000 00000000 0000ffff 00009300
GS =0000 00000000 0000ffff 00009300
LDT=0000 00000000 0000ffff 00008200
TR =0000 00000000 0000ffff 00008b00
GDT=     00000000 0000ffff
IDT=     00000000 0000ffff
CR0=60000010 CR2=00000000 CR3=00000000 CR4=00000000
DR0=00000000 DR1=00000000 DR2=00000000 DR3=00000000 
DR6=ffff0ff0 DR7=00000400
CCS=00000000 CCD=00000000 CCO=DYNAMIC 
EFER=0000000000000000
FCW=037f FSW=0000 [ST=0] FTW=00 MXCSR=00001f80
FPR0=0000000000000000 0000 FPR1=0000000000000000 0000
FPR2=0000000000000000 0000 FPR3=0000000000000000 0000
FPR4=0000000000000000 0000 FPR5=0000000000000000 0000
FPR6=0000000000000000 0000 FPR7=0000000000000000 0000
XMM00=00000000000000000000000000000000 XMM01=00000000000000000000000000000000
XMM02=00000000000000000000000000000000 XMM03=00000000000000000000000000000000
XMM04=00000000000000000000000000000000 XMM05=00000000000000000000000000000000
XMM06=00000000000000000000000000000000 XMM07=00000000000000000000000000000000
SMM: enter
EAX=00000001 EBX=00000000 ECX=02000000 EDX=02000628
ESI=0000000b EDI=02000000 EBP=000f2c72 ESP=00006d98
EIP=000ebaef EFL=00000002 [-------] CPL=0 II=0 A20=1 SMM=0 HLT=0
ES =0010 00000000 ffffffff 00cf9300 DPL=0 DS   [-WA]
CS =0008 00000000 ffffffff 00cf9b00 DPL=0 CS32 [-RA]
SS =0010 00000000 ffffffff 00cf9300 DPL=0 DS   [-WA]
DS =0010 00000000 ffffffff 00cf9300 DPL=0 DS   [-WA]
FS =0010 00000000 ffffffff 00cf9300 DPL=0 DS   [-WA]
GS =0010 00000000 ffffffff 00cf9300 DPL=0 DS   [-WA]
LDT=0000 00000000 0000ffff 00008200 DPL=0 LDT
TR =0000 00000000 0000ffff 00008b00 DPL=0 TSS32-busy
GDT=     000f6280 00000037
IDT=     000f62be 00000000
CR0=00000011 CR2=00000000 CR3=00000000 CR4=00000000
DR0=00000000 DR1=00000000 DR2=00000000 DR3=00000000 
DR6=ffff0ff0 DR7=00000400
CCS=00000080 CCD=00000001 CCO=LOGICB  
EFER=0000000000000000
SMM: after RSM
EAX=00000001 EBX=00000000 ECX=02000000 EDX=02000628
ESI=0000000b EDI=02000000 EBP=000f2c72 ESP=00006d98
EIP=000ebaef EFL=00000002 [-------] CPL=0 II=0 A20=1 SMM=0 HLT=0
ES =0010 00000000 ffffffff 00c09300 DPL=0 DS   [-WA]
CS =0008 00000000 ffffffff 00c09b00 DPL=0 CS32 [-RA]
SS =0010 00000000 ffffffff 00c09300 DPL=0 DS   [-WA]
DS =0010 00000000 ffffffff 00c09300 DPL=0 DS   [-WA]
FS =0010 00000000 ffffffff 00c09300 DPL=0 DS   [-WA]
GS =0010 00000000 ffffffff 00c09300 DPL=0 DS   [-WA]
LDT=0000 00000000 0000ffff 00008200 DPL=0 LDT
TR =0000 00000000 0000ffff 00008b00 DPL=0 TSS32-busy
GDT=     000f6280 00000037
IDT=     000f62be 00000000
CR0=00000011 CR2=00000000 CR3=00000000 CR4=00000000
DR0=00000000 DR1=00000000 DR2=00000000 DR3=00000000 
DR6=ffff0ff0 DR7=00000400
CCS=00000000 CCD=00000000 CCO=EFLAGS  
EFER=0000000000000000
SMM: enter
EAX=000000b5 EBX=000f7bfc ECX=00001234 EDX=00006dff
ESI=00006d3c EDI=07fbedc5 EBP=00006cfc ESP=00006cfc
EIP=00007bfb EFL=00000006 [-----P-] CPL=0 II=0 A20=1 SMM=0 HLT=0
ES =db80 000db800 ffffffff 008f9300
CS =f000 000f0000 ffffffff 008f9b00
SS =0000 00000000 ffffffff 008f9300
DS =0000 00000000 ffffffff 008f9300
FS =0000 00000000 ffffffff 008f9300
GS =0000 00000000 ffffffff 008f9300
LDT=0000 00000000 0000ffff 00008200
TR =0000 00000000 0000ffff 00008b00
GDT=     00000000 00000000
IDT=     00000000 000003ff
CR0=00000010 CR2=00000000 CR3=00000000 CR4=00000000
DR0=00000000 DR1=00000000 DR2=00000000 DR3=00000000 
DR6=ffff0ff0 DR7=00000400
CCS=00000004 CCD=00006cfc CCO=EFLAGS  
EFER=0000000000000000
SMM: after RSM
EAX=000000b5 EBX=000f7bfc ECX=00001234 EDX=00006dff
ESI=00006d3c EDI=07fbedc5 EBP=00006cfc ESP=00006cfc
EIP=000f7bfc EFL=00000002 [-------] CPL=0 II=0 A20=1 SMM=0 HLT=0
ES =0010 00000000 ffffffff 00c09300 DPL=0 DS   [-WA]
CS =0008 00000000 ffffffff 00c09b00 DPL=0 CS32 [-RA]
SS =0010 00000000 ffffffff 00c09300 DPL=0 DS   [-WA]
DS =0010 00000000 ffffffff 00c09300 DPL=0 DS   [-WA]
FS =0010 00000000 ffffffff 00c09300 DPL=0 DS   [-WA]
GS =0010 00000000 ffffffff 00c09300 DPL=0 DS   [-WA]
LDT=0000 00000000 0000ffff 00008200 DPL=0 LDT
TR =0000 00000000 0000ffff 00008b00 DPL=0 TSS32-busy
GDT=     000f6280 00000037
IDT=     000f62be 00000000
CR0=00000011 CR2=00000000 CR3=00000000 CR4=00000000
DR0=00000000 DR1=00000000 DR2=00000000 DR3=00000000 
DR6=ffff0ff0 DR7=00000400
CCS=00000000 CCD=00000000 CCO=EFLAGS  
EFER=0000000000000000
SMM: enter
EAX=000000b5 EBX=00007c16 ECX=00005678 EDX=07faba10
ESI=000ea600 EDI=07fbedc5 EBP=00006cfc ESP=00006cfc
EIP=000f7c15 EFL=00000016 [----AP-] CPL=0 II=0 A20=1 SMM=0 HLT=0
ES =0010 00000000 ffffffff 00c09300 DPL=0 DS   [-WA]
CS =0008 00000000 ffffffff 00c09b00 DPL=0 CS32 [-RA]
SS =0010 00000000 ffffffff 00c09300 DPL=0 DS   [-WA]
DS =0010 00000000 ffffffff 00c09300 DPL=0 DS   [-WA]
FS =0010 00000000 ffffffff 00c09300 DPL=0 DS   [-WA]
GS =0010 00000000 ffffffff 00c09300 DPL=0 DS   [-WA]
LDT=0000 00000000 0000ffff 00008200 DPL=0 LDT
TR =0000 00000000 0000ffff 00008b00 DPL=0 TSS32-busy
GDT=     000f6280 00000037
IDT=     000f62be 00000000
CR0=00000011 CR2=00000000 CR3=00000000 CR4=00000000
DR0=00000000 DR1=00000000 DR2=00000000 DR3=00000000 
DR6=ffff0ff0 DR7=00000400
CCS=00000014 CCD=00006ce8 CCO=EFLAGS  
EFER=0000000000000000
SMM: after RSM
EAX=000000b5 EBX=00007c16 ECX=00005678 EDX=07faba10
ESI=000ea600 EDI=07fbedc5 EBP=00006cfc ESP=00006cfc
EIP=00007c16 EFL=00000006 [-----P-] CPL=0 II=0 A20=1 SMM=0 HLT=0
ES =db80 000db800 ffffffff 00809300
CS =f000 000f0000 ffffffff 00809b00
SS =0000 00000000 ffffffff 00809300
DS =0000 00000000 ffffffff 00809300
FS =0000 00000000 ffffffff 00809300
GS =0000 00000000 ffffffff 00809300
LDT=0000 00000000 0000ffff 00008200
TR =0000 00000000 0000ffff 00008b00
GDT=     00000000 00000000
IDT=     00000000 000003ff
CR0=00000010 CR2=00000000 CR3=00000000 CR4=00000000
DR0=00000000 DR1=00000000 DR2=00000000 DR3=00000000 
DR6=ffff0ff0 DR7=00000400
CCS=00000004 CCD=00000001 CCO=EFLAGS  
EFER=0000000000000000
SMM: enter
EAX=000000b5 EBX=000f7bfc ECX=00001234 EDX=00006aff
ESI=00006a22 EDI=07fbedc5 EBP=000069e2 ESP=000069e2
EIP=00007bfb EFL=00000006 [-----P-] CPL=0 II=0 A20=1 SMM=0 HLT=0
ES =db80 000db800 ffffffff 008f9300
CS =f000 000f0000 ffffffff 008f9b00
SS =0000 00000000 ffffffff 008f9300
DS =0000 00000000 ffffffff 008f9300
FS =0000 00000000 ffffffff 008f9300
GS =ca00 000ca000 ffffffff 008f9300
LDT=0000 00000000 0000ffff 00008200
TR =0000 00000000 0000ffff 00008b00
GDT=     00000000 00000000
IDT=     00000000 000003ff
CR0=00000010 CR2=00000000 CR3=00000000 CR4=00000000
DR0=00000000 DR1=00000000 DR2=00000000 DR3=00000000 
DR6=ffff0ff0 DR7=00000400
CCS=00000004 CCD=000069e2 CCO=EFLAGS  
EFER=0000000000000000
SMM: after RSM
EAX=000000b5 EBX=000f7bfc ECX=00001234 EDX=00006aff
ESI=00006a22 EDI=07fbedc5 EBP=000069e2 ESP=000069e2
EIP=000f7bfc EFL=00000002 [-------] CPL=0 II=0 A20=1 SMM=0 HLT=0
ES =0010 00000000 ffffffff 00c09300 DPL=0 DS   [-WA]
CS =0008 00000000 ffffffff 00c09b00 DPL=0 CS32 [-RA]
SS =0010 00000000 ffffffff 00c09300 DPL=0 DS   [-WA]
DS =0010 00000000 ffffffff 00c09300 DPL=0 DS   [-WA]
FS =0010 00000000 ffffffff 00c09300 DPL=0 DS   [-WA]
GS =0010 00000000 ffffffff 00c09300 DPL=0 DS   [-WA]
LDT=0000 00000000 0000ffff 00008200 DPL=0 LDT
TR =0000 00000000 0000ffff 00008b00 DPL=0 TSS32-busy
GDT=     000f6280 00000037
IDT=     000f62be 00000000
CR0=00000011 CR2=00000000 CR3=00000000 CR4=00000000
DR0=00000000 DR1=00000000 DR2=00000000 DR3=00000000 
DR6=ffff0ff0 DR7=00000400
CCS=00000000 CCD=00000000 CCO=EFLAGS  
EFER=0000000000000000
SMM: enter
EAX=000000b5 EBX=00007c16 ECX=00005678 EDX=00000005
ESI=00000000 EDI=07fbedc5 EBP=000069e2 ESP=000069e2
EIP=000f7c15 EFL=00000002 [-------] CPL=0 II=0 A20=1 SMM=0 HLT=0
ES =0010 00000000 ffffffff 00c09300 DPL=0 DS   [-WA]
CS =0008 00000000 ffffffff 00c09b00 DPL=0 CS32 [-RA]
SS =0010 00000000 ffffffff 00c09300 DPL=0 DS   [-WA]
DS =0010 00000000 ffffffff 00c09300 DPL=0 DS   [-WA]
FS =0010 00000000 ffffffff 00c09300 DPL=0 DS   [-WA]
GS =0010 00000000 ffffffff 00c09300 DPL=0 DS   [-WA]
LDT=0000 00000000 0000ffff 00008200 DPL=0 LDT
TR =0000 00000000 0000ffff 00008b00 DPL=0 TSS32-busy
GDT=     000f6280 00000037
IDT=     000f62be 00000000
CR0=00000011 CR2=00000000 CR3=00000000 CR4=00000000
DR0=00000000 DR1=00000000 DR2=00000000 DR3=00000000 
DR6=ffff0ff0 DR7=00000400
CCS=00000000 CCD=000069ce CCO=EFLAGS  
EFER=0000000000000000
SMM: after RSM
EAX=000000b5 EBX=00007c16 ECX=00005678 EDX=00000005
ESI=00000000 EDI=07fbedc5 EBP=000069e2 ESP=000069e2
EIP=00007c16 EFL=00000006 [-----P-] CPL=0 II=0 A20=1 SMM=0 HLT=0
ES =db80 000db800 ffffffff 00809300
CS =f000 000f0000 ffffffff 00809b00
SS =0000 00000000 ffffffff 00809300
DS =0000 00000000 ffffffff 00809300
FS =0000 00000000 ffffffff 00809300
GS =ca00 000ca000 ffffffff 00809300
LDT=0000 00000000 0000ffff 00008200
TR =0000 00000000 0000ffff 00008b00
GDT=     00000000 00000000
IDT=     00000000 000003ff
CR0=00000010 CR2=00000000 CR3=00000000 CR4=00000000
DR0=00000000 DR1=00000000 DR2=00000000 DR3=00000000 
DR6=ffff0ff0 DR7=00000400
CCS=00000004 CCD=00000001 CCO=EFLAGS  
EFER=0000000000000000
SMM: enter
EAX=000000b5 EBX=000f7bfc ECX=00001234 EDX=00006aff
ESI=00006a1c EDI=07fbedc5 EBP=000069dc ESP=000069dc
EIP=00007bfb EFL=00000002 [-------] CPL=0 II=0 A20=1 SMM=0 HLT=0
ES =db80 000db800 ffffffff 00809300
CS =f000 000f0000 ffffffff 00809b00
SS =0000 00000000 ffffffff 00809300
DS =0000 00000000 ffffffff 00809300
FS =0000 00000000 ffffffff 00809300
GS =ca00 000ca000 ffffffff 00809300
LDT=0000 00000000 0000ffff 00008200
TR =0000 00000000 0000ffff 00008b00
GDT=     00000000 00000000
IDT=     00000000 000003ff
CR0=00000010 CR2=00000000 CR3=00000000 CR4=00000000
DR0=00000000 DR1=00000000 DR2=00000000 DR3=00000000 
DR6=ffff0ff0 DR7=00000400
CCS=00000000 CCD=000069dc CCO=EFLAGS  
EFER=0000000000000000
SMM: after RSM
EAX=000000b5 EBX=000f7bfc ECX=00001234 EDX=00006aff
ESI=00006a1c EDI=07fbedc5 EBP=000069dc ESP=000069dc
EIP=000f7bfc EFL=00000002 [-------] CPL=0 II=0 A20=1 SMM=0 HLT=0
ES =0010 00000000 ffffffff 00c09300 DPL=0 DS   [-WA]
CS =0008 00000000 ffffffff 00c09b00 DPL=0 CS32 [-RA]
SS =0010 00000000 ffffffff 00c09300 DPL=0 DS   [-WA]
DS =0010 00000000 ffffffff 00c09300 DPL=0 DS   [-WA]
FS =0010 00000000 ffffffff 00c09300 DPL=0 DS   [-WA]
GS =0010 00000000 ffffffff 00c09300 DPL=0 DS   [-WA]
LDT=0000 00000000 0000ffff 00008200 DPL=0 LDT
TR =0000 00000000 0000ffff 00008b00 DPL=0 TSS32-busy
GDT=     000f6280 00000037
IDT=     000f62be 00000000
CR0=00000011 CR2=00000000 CR3=00000000 CR4=00000000
DR0=00000000 DR1=00000000 DR2=00000000 DR3=00000000 
DR6=ffff0ff0 DR7=00000400
CCS=00000000 CCD=00000000 CCO=EFLAGS  
EFER=0000000000000000
SMM: enter
EAX=000000b5 EBX=00007c16 ECX=00005678 EDX=00000003
ESI=07f8ca10 EDI=07fbedc5 EBP=000069dc ESP=000069dc
EIP=000f7c15 EFL=00000012 [----A--] CPL=0 II=0 A20=1 SMM=0 HLT=0
ES =0010 00000000 ffffffff 00c09300 DPL=0 DS   [-WA]
CS =0008 00000000 ffffffff 00c09b00 DPL=0 CS32 [-RA]
SS =0010 00000000 ffffffff 00c09300 DPL=0 DS   [-WA]
DS =0010 00000000 ffffffff 00c09300 DPL=0 DS   [-WA]
FS =0010 00000000 ffffffff 00c09300 DPL=0 DS   [-WA]
GS =0010 00000000 ffffffff 00c09300 DPL=0 DS   [-WA]
LDT=0000 00000000 0000ffff 00008200 DPL=0 LDT
TR =0000 00000000 0000ffff 00008b00 DPL=0 TSS32-busy
GDT=     000f6280 00000037
IDT=     000f62be 00000000
CR0=00000011 CR2=00000000 CR3=00000000 CR4=00000000
DR0=00000000 DR1=00000000 DR2=00000000 DR3=00000000 
DR6=ffff0ff0 DR7=00000400
CCS=00000010 CCD=000069c8 CCO=EFLAGS  
EFER=0000000000000000
SMM: after RSM
EAX=000000b5 EBX=00007c16 ECX=00005678 EDX=00000003
ESI=07f8ca10 EDI=07fbedc5 EBP=000069dc ESP=000069dc
EIP=00007c16 EFL=00000002 [-------] CPL=0 II=0 A20=1 SMM=0 HLT=0
ES =db80 000db800 ffffffff 00809300
CS =f000 000f0000 ffffffff 00809b00
SS =0000 00000000 ffffffff 00809300
DS =0000 00000000 ffffffff 00809300
FS =0000 00000000 ffffffff 00809300
GS =ca00 000ca000 ffffffff 00809300
LDT=0000 00000000 0000ffff 00008200
TR =0000 00000000 0000ffff 00008b00
GDT=     00000000 00000000
IDT=     00000000 000003ff
CR0=00000010 CR2=00000000 CR3=00000000 CR4=00000000
DR0=00000000 DR1=00000000 DR2=00000000 DR3=00000000 
DR6=ffff0ff0 DR7=00000400
CCS=00000000 CCD=00000001 CCO=EFLAGS  
EFER=0000000000000000
SMM: enter
EAX=000000b5 EBX=000f7bfc ECX=00001234 EDX=00006aff
ESI=00006a22 EDI=07fbedc5 EBP=000069e2 ESP=000069e2
EIP=00007bfb EFL=00000006 [-----P-] CPL=0 II=0 A20=1 SMM=0 HLT=0
ES =db80 000db800 ffffffff 00809300
CS =f000 000f0000 ffffffff 00809b00
SS =0000 00000000 ffffffff 00809300
DS =0000 00000000 ffffffff 00809300
FS =0000 00000000 ffffffff 00809300
GS =ca00 000ca000 ffffffff 00809300
LDT=0000 00000000 0000ffff 00008200
TR =0000 00000000 0000ffff 00008b00
GDT=     00000000 00000000
IDT=     00000000 000003ff
CR0=00000010 CR2=00000000 CR3=00000000 CR4=00000000
DR0=00000000 DR1=00000000 DR2=00000000 DR3=00000000 
DR6=ffff0ff0 DR7=00000400
CCS=00000004 CCD=000069e2 CCO=EFLAGS  
EFER=0000000000000000
SMM: after RSM
EAX=000000b5 EBX=000f7bfc ECX=00001234 EDX=00006aff
ESI=00006a22 EDI=07fbedc5 EBP=000069e2 ESP=000069e2
EIP=000f7bfc EFL=00000002 [-------] CPL=0 II=0 A20=1 SMM=0 HLT=0
ES =0010 00000000 ffffffff 00c09300 DPL=0 DS   [-WA]
CS =0008 00000000 ffffffff 00c09b00 DPL=0 CS32 [-RA]
SS =0010 00000000 ffffffff 00c09300 DPL=0 DS   [-WA]
DS =0010 00000000 ffffffff 00c09300 DPL=0 DS   [-WA]
FS =0010 00000000 ffffffff 00c09300 DPL=0 DS   [-WA]
GS =0010 00000000 ffffffff 00c09300 DPL=0 DS   [-WA]
LDT=0000 00000000 0000ffff 00008200 DPL=0 LDT
TR =0000 00000000 0000ffff 00008b00 DPL=0 TSS32-busy
GDT=     000f6280 00000037
IDT=     000f62be 00000000
CR0=00000011 CR2=00000000 CR3=00000000 CR4=00000000
DR0=00000000 DR1=00000000 DR2=00000000 DR3=00000000 
DR6=ffff0ff0 DR7=00000400
CCS=00000000 CCD=00000000 CCO=EFLAGS  
EFER=0000000000000000
SMM: enter
EAX=000000b5 EBX=00007c16 ECX=00005678 EDX=00000005
ESI=00000000 EDI=07fbedc5 EBP=000069e2 ESP=000069e2
EIP=000f7c15 EFL=00000002 [-------] CPL=0 II=0 A20=1 SMM=0 HLT=0
ES =0010 00000000 ffffffff 00c09300 DPL=0 DS   [-WA]
CS =0008 00000000 ffffffff 00c09b00 DPL=0 CS32 [-RA]
SS =0010 00000000 ffffffff 00c09300 DPL=0 DS   [-WA]
DS =0010 00000000 ffffffff 00c09300 DPL=0 DS   [-WA]
FS =0010 00000000 ffffffff 00c09300 DPL=0 DS   [-WA]
GS =0010 00000000 ffffffff 00c09300 DPL=0 DS   [-WA]
LDT=0000 00000000 0000ffff 00008200 DPL=0 LDT
TR =0000 00000000 0000ffff 00008b00 DPL=0 TSS32-busy
GDT=     000f6280 00000037
IDT=     000f62be 00000000
CR0=00000011 CR2=00000000 CR3=00000000 CR4=00000000
DR0=00000000 DR1=00000000 DR2=00000000 DR3=00000000 
DR6=ffff0ff0 DR7=00000400
CCS=00000000 CCD=000069ce CCO=EFLAGS  
EFER=0000000000000000
SMM: after RSM
EAX=000000b5 EBX=00007c16 ECX=00005678 EDX=00000005
ESI=00000000 EDI=07fbedc5 EBP=000069e2 ESP=000069e2
EIP=00007c16 EFL=00000006 [-----P-] CPL=0 II=0 A20=1 SMM=0 HLT=0
ES =db80 000db800 ffffffff 00809300
CS =f000 000f0000 ffffffff 00809b00
SS =0000 00000000 ffffffff 00809300
DS =0000 00000000 ffffffff 00809300
FS =0000 00000000 ffffffff 00809300
GS =ca00 000ca000 ffffffff 00809300
LDT=0000 00000000 0000ffff 00008200
TR =0000 00000000 0000ffff 00008b00
GDT=     00000000 00000000
IDT=     00000000 000003ff
CR0=00000010 CR2=00000000 CR3=00000000 CR4=00000000
DR0=00000000 DR1=00000000 DR2=00000000 DR3=00000000 
DR6=ffff0ff0 DR7=00000400
CCS=00000004 CCD=00000001 CCO=EFLAGS  
EFER=0000000000000000
SMM: enter
EAX=000000b5 EBX=000f7bfc ECX=00001234 EDX=00006aff
ESI=00006a1c EDI=07fbedc5 EBP=000069dc ESP=000069dc
EIP=00007bfb EFL=00000002 [-------] CPL=0 II=0 A20=1 SMM=0 HLT=0
ES =db80 000db800 ffffffff 00809300
CS =f000 000f0000 ffffffff 00809b00
SS =0000 00000000 ffffffff 00809300
DS =0000 00000000 ffffffff 00809300
FS =0000 00000000 ffffffff 00809300
GS =ca00 000ca000 ffffffff 00809300
LDT=0000 00000000 0000ffff 00008200
TR =0000 00000000 0000ffff 00008b00
GDT=     00000000 00000000
IDT=     00000000 000003ff
CR0=00000010 CR2=00000000 CR3=00000000 CR4=00000000
DR0=00000000 DR1=00000000 DR2=00000000 DR3=00000000 
DR6=ffff0ff0 DR7=00000400
CCS=00000000 CCD=000069dc CCO=EFLAGS  
EFER=0000000000000000
SMM: after RSM
EAX=000000b5 EBX=000f7bfc ECX=00001234 EDX=00006aff
ESI=00006a1c EDI=07fbedc5 EBP=000069dc ESP=000069dc
EIP=000f7bfc EFL=00000002 [-------] CPL=0 II=0 A20=1 SMM=0 HLT=0
ES =0010 00000000 ffffffff 00c09300 DPL=0 DS   [-WA]
CS =0008 00000000 ffffffff 00c09b00 DPL=0 CS32 [-RA]
SS =0010 00000000 ffffffff 00c09300 DPL=0 DS   [-WA]
DS =0010 00000000 ffffffff 00c09300 DPL=0 DS   [-WA]
FS =0010 00000000 ffffffff 00c09300 DPL=0 DS   [-WA]
GS =0010 00000000 ffffffff 00c09300 DPL=0 DS   [-WA]
LDT=0000 00000000 0000ffff 00008200 DPL=0 LDT
TR =0000 00000000 0000ffff 00008b00 DPL=0 TSS32-busy
GDT=     000f6280 00000037
IDT=     000f62be 00000000
CR0=00000011 CR2=00000000 CR3=00000000 CR4=00000000
DR0=00000000 DR1=00000000 DR2=00000000 DR3=00000000 
DR6=ffff0ff0 DR7=00000400
CCS=00000000 CCD=00000000 CCO=EFLAGS  
EFER=0000000000000000
SMM: enter
EAX=000000b5 EBX=00007c16 ECX=00005678 EDX=00000003
ESI=07ecca10 EDI=07fbedc5 EBP=000069dc ESP=000069dc
EIP=000f7c15 EFL=00000012 [----A--] CPL=0 II=0 A20=1 SMM=0 HLT=0
ES =0010 00000000 ffffffff 00c09300 DPL=0 DS   [-WA]
CS =0008 00000000 ffffffff 00c09b00 DPL=0 CS32 [-RA]
SS =0010 00000000 ffffffff 00c09300 DPL=0 DS   [-WA]
DS =0010 00000000 ffffffff 00c09300 DPL=0 DS   [-WA]
FS =0010 00000000 ffffffff 00c09300 DPL=0 DS   [-WA]
GS =0010 00000000 ffffffff 00c09300 DPL=0 DS   [-WA]
LDT=0000 00000000 0000ffff 00008200 DPL=0 LDT
TR =0000 00000000 0000ffff 00008b00 DPL=0 TSS32-busy
GDT=     000f6280 00000037
IDT=     000f62be 00000000
CR0=00000011 CR2=00000000 CR3=00000000 CR4=00000000
DR0=00000000 DR1=00000000 DR2=00000000 DR3=00000000 
DR6=ffff0ff0 DR7=00000400
CCS=00000010 CCD=000069c8 CCO=EFLAGS  
EFER=0000000000000000
SMM: after RSM
EAX=000000b5 EBX=00007c16 ECX=00005678 EDX=00000003
ESI=07ecca10 EDI=07fbedc5 EBP=000069dc ESP=000069dc
EIP=00007c16 EFL=00000002 [-------] CPL=0 II=0 A20=1 SMM=0 HLT=0
ES =db80 000db800 ffffffff 00809300
CS =f000 000f0000 ffffffff 00809b00
SS =0000 00000000 ffffffff 00809300
DS =0000 00000000 ffffffff 00809300
FS =0000 00000000 ffffffff 00809300
GS =ca00 000ca000 ffffffff 00809300
LDT=0000 00000000 0000ffff 00008200
TR =0000 00000000 0000ffff 00008b00
GDT=     00000000 00000000
IDT=     00000000 000003ff
CR0=00000010 CR2=00000000 CR3=00000000 CR4=00000000
DR0=00000000 DR1=00000000 DR2=00000000 DR3=00000000 
DR6=ffff0ff0 DR7=00000400
CCS=00000000 CCD=00000001 CCO=EFLAGS  
EFER=0000000000000000
     0: v=2e e=0000 i=0 cpl=0 IP=0008:00101dcd pc=00101dcd SP=0010:001fff80 env->regs[R_EAX]=0012b0f4
EAX=0012b0f4 EBX=0012b0f4 ECX=00000001 EDX=ffffffff
ESI=0012cd80 EDI=000080d4 EBP=001fff98 ESP=001fff80
EIP=00101dcd EFL=00000202 [-------] CPL=0 II=0 A20=1 SMM=0 HLT=0
ES =0010 00000000 ffffffff 00cf9300 DPL=0 DS   [-WA]
CS =0008 00000000 ffffffff 00cf9a00 DPL=0 CS32 [-R-]
SS =0010 00000000 ffffffff 00cf9300 DPL=0 DS   [-WA]
DS =0010 00000000 ffffffff 00cf9300 DPL=0 DS   [-WA]
FS =0010 00000000 ffffffff 00cf9300 DPL=0 DS   [-WA]
GS =0000 00000000 0000ffff 00009300 DPL=0 DS16 [-WA]
LDT=0000 00000000 0000ffff 00008200 DPL=0 LDT
TR =0028 0012b000 00000067 00408900 DPL=0 TSS32-avl
GDT=     00109020 00000030
IDT=     00106c40 00000800
CR0=80000011 CR2=00000000 CR3=0012a000 CR4=00000000
DR0=00000000 DR1=00000000 DR2=00000000 DR3=00000000 
DR6=ffff0ff0 DR7=00000400
CCS=00000000 CCD=001fff80 CCO=EFLAGS  
EFER=0000000000000000
     1: v=20 e=0000 i=0 cpl=0 IP=0008:00101dcd pc=00101dcd SP=0010:001fff80 env->regs[R_EAX]=0012b0f4
EAX=0012b0f4 EBX=0012b0f4 ECX=00000001 EDX=ffffffff
ESI=0012cd80 EDI=000080d4 EBP=001fff98 ESP=001fff80
EIP=00101dcd EFL=00000202 [-------] CPL=0 II=0 A20=1 SMM=0 HLT=0
ES =0010 00000000 ffffffff 00cf9300 DPL=0 DS   [-WA]
CS =0008 00000000 ffffffff 00cf9a00 DPL=0 CS32 [-R-]
SS =0010 00000000 ffffffff 00cf9300 DPL=0 DS   [-WA]
DS =0010 00000000 ffffffff 00cf9300 DPL=0 DS   [-WA]
FS =0010 00000000 ffffffff 00cf9300 DPL=0 DS   [-WA]
GS =0000 00000000 0000ffff 00009300 DPL=0 DS16 [-WA]
LDT=0000 00000000 0000ffff 00008200 DPL=0 LDT
TR =0028 0012b000 00000067 00408900 DPL=0 TSS32-avl
GDT=     00109020 00000030
IDT=     00106c40 00000800
CR0=80000011 CR2=00000000 CR3=0012a000 CR4=00000000
DR0=00000000 DR1=00000000 DR2=00000000 DR3=00000000 
DR6=ffff0ff0 DR7=00000400
CCS=00000000 CCD=001fff74 CCO=EFLAGS  
EFER=0000000000000000
     2: v=81 e=0000 i=1 cpl=0 IP=0008:00101f72 pc=00101f72 SP=0010:001fff14 env->regs[R_EAX]=0012b080
EAX=0012b080 EBX=001fff4c ECX=00000001 EDX=ffffffff
ESI=0012cd80 EDI=000080d4 EBP=001fff20 ESP=001fff14
EIP=00101f72 EFL=00000002 [-------] CPL=0 II=0 A20=1 SMM=0 HLT=0
ES =0010 00000000 ffffffff 00cf9300 DPL=0 DS   [-WA]
CS =0008 00000000 ffffffff 00cf9a00 DPL=0 CS32 [-R-]
SS =0010 00000000 ffffffff 00cf9300 DPL=0 DS   [-WA]
DS =0010 00000000 ffffffff 00cf9300 DPL=0 DS   [-WA]
FS =0010 00000000 ffffffff 00cf9300 DPL=0 DS   [-WA]
GS =0000 00000000 0000ffff 00009300 DPL=0 DS16 [-WA]
LDT=0000 00000000 0000ffff 00008200 DPL=0 LDT
TR =0028 0012b000 00000067 00408900 DPL=0 TSS32-avl
GDT=     00109020 00000030
IDT=     00106c40 00000800
CR0=80000011 CR2=00000000 CR3=0012a000 CR4=00000000
DR0=00000000 DR1=00000000 DR2=00000000 DR3=00000000 
DR6=ffff0ff0 DR7=00000400
CCS=00000000 CCD=00000001 CCO=INCL    
EFER=0000000000000000
     3: v=80 e=0000 i=1 cpl=3 IP=001b:080486b5 pc=080486b5 SP=0023:bffffcac env->regs[R_EAX]=00000000
EAX=00000000 EBX=00000001 ECX=bffffcf0 EDX=00000002
ESI=00000000 EDI=00000000 EBP=bffffcb8 ESP=bffffcac
EIP=080486b5 EFL=00000286 [--S--P-] CPL=3 II=0 A20=1 SMM=0 HLT=0
ES =0023 00000000 ffffffff 00cff300 DPL=3 DS   [-WA]
CS =001b 00000000 ffffffff 00cffa00 DPL=3 CS32 [-R-]
SS =0023 00000000 ffffffff 00cff300 DPL=3 DS   [-WA]
DS =0023 00000000 ffffffff 00cff300 DPL=3 DS   [-WA]
FS =0000 00000000 00000000 00000000
GS =0000 00000000 0000ffff 00009300 DPL=0 DS16 [-WA]
LDT=0000 00000000 0000ffff 00008200 DPL=0 LDT
TR =0028 0012b000 00000067 00408900 DPL=0 TSS32-avl
GDT=     00109020 00000030
IDT=     00106c40 00000800
CR0=80000011 CR2=00000000 CR3=00200000 CR4=00000000
DR0=00000000 DR1=00000000 DR2=00000000 DR3=00000000 
DR6=ffff0ff0 DR7=00000400
CCS=0000000c CCD=bffffccc CCO=ADDL    
EFER=0000000000000000
     4: v=80 e=0000 i=1 cpl=3 IP=001b:080486d7 pc=080486d7 SP=0023:bffffe9c env->regs[R_EAX]=00000001
EAX=00000001 EBX=00000000 ECX=0804b340 EDX=00000100
ESI=00000000 EDI=00000000 EBP=bffffea8 ESP=bffffe9c
EIP=080486d7 EFL=00000292 [--S-A--] CPL=3 II=0 A20=1 SMM=0 HLT=0
ES =0023 00000000 ffffffff 00cff300 DPL=3 DS   [-WA]
CS =001b 00000000 ffffffff 00cffa00 DPL=3 CS32 [-R-]
SS =0023 00000000 ffffffff 00cff300 DPL=3 DS   [-WA]
DS =0023 00000000 ffffffff 00cff300 DPL=3 DS   [-WA]
FS =0000 00000000 00000000 00000000
GS =0000 00000000 0000ffff 00009300 DPL=0 DS16 [-WA]
LDT=0000 00000000 0000ffff 00008200 DPL=0 LDT
TR =0028 0012b000 00000067 00408900 DPL=0 TSS32-avl
GDT=     00109020 00000030
IDT=     00106c40 00000800
CR0=80000011 CR2=00000000 CR3=00200000 CR4=00000000
DR0=00000000 DR1=00000000 DR2=00000000 DR3=00000000 
DR6=ffff0ff0 DR7=00000400
CCS=0000000c CCD=bffffebc CCO=SUBL    
EFER=0000000000000000
     5: v=81 e=0000 i=1 cpl=0 IP=0008:00102099 pc=00102099 SP=0010:00201efc env->regs[R_EAX]=0012b0f4
EAX=0012b0f4 EBX=00108164 ECX=0010602c EDX=00108164
ESI=00000100 EDI=0804b340 EBP=00201f18 ESP=00201efc
EIP=00102099 EFL=00000002 [-------] CPL=0 II=0 A20=1 SMM=0 HLT=0
ES =0010 00000000 ffffffff 00cf9300 DPL=0 DS   [-WA]
CS =0008 00000000 ffffffff 00cf9a00 DPL=0 CS32 [-R-]
SS =0010 00000000 ffffffff 00cf9300 DPL=0 DS   [-WA]
DS =0010 00000000 ffffffff 00cf9300 DPL=0 DS   [-WA]
FS =0000 00000000 00000000 00000000
GS =0000 00000000 0000ffff 00009300 DPL=0 DS16 [-WA]
LDT=0000 00000000 0000ffff 00008200 DPL=0 LDT
TR =0028 0012b000 00000067 00408900 DPL=0 TSS32-avl
GDT=     00109020 00000030
IDT=     00106c40 00000800
CR0=80000011 CR2=00000000 CR3=00200000 CR4=00000000
DR0=00000000 DR1=00000000 DR2=00000000 DR3=00000000 
DR6=ffff0ff0 DR7=00000400
CCS=00000004 CCD=00201ef4 CCO=ADDL    
EFER=0000000000000000
     6: v=20 e=0000 i=0 cpl=0 IP=0008:00101dcd pc=00101dcd SP=0010:001fff80 env->regs[R_EAX]=0012b0f4
EAX=0012b0f4 EBX=0012b0f4 ECX=00000001 EDX=ffffffff
ESI=0012cd80 EDI=000080d4 EBP=001fff98 ESP=001fff80
EIP=00101dcd EFL=00000202 [-------] CPL=0 II=0 A20=1 SMM=0 HLT=0
ES =0010 00000000 ffffffff 00cf9300 DPL=0 DS   [-WA]
CS =0008 00000000 ffffffff 00cf9a00 DPL=0 CS32 [-R-]
SS =0010 00000000 ffffffff 00cf9300 DPL=0 DS   [-WA]
DS =0010 00000000 ffffffff 00cf9300 DPL=0 DS   [-WA]
FS =0000 00000000 00000000 00000000
GS =0000 00000000 0000ffff 00009300 DPL=0 DS16 [-WA]
LDT=0000 00000000 0000ffff 00008200 DPL=0 LDT
TR =0028 0012b000 00000067 00408900 DPL=0 TSS32-avl
GDT=     00109020 00000030
IDT=     00106c40 00000800
CR0=80000011 CR2=00000000 CR3=0012a000 CR4=00000000
DR0=00000000 DR1=00000000 DR2=00000000 DR3=00000000 
DR6=ffff0ff0 DR7=00000400
CCS=00000000 CCD=001fff74 CCO=EFLAGS  
EFER=0000000000000000
     7: v=81 e=0000 i=1 cpl=0 IP=0008:00101f72 pc=00101f72 SP=0010:001fff14 env->regs[R_EAX]=0012b080
EAX=0012b080 EBX=001fff4c ECX=00000001 EDX=ffffffff
ESI=0012cd80 EDI=000080d4 EBP=001fff20 ESP=001fff14
EIP=00101f72 EFL=00000002 [-------] CPL=0 II=0 A20=1 SMM=0 HLT=0
ES =0010 00000000 ffffffff 00cf9300 DPL=0 DS   [-WA]
CS =0008 00000000 ffffffff 00cf9a00 DPL=0 CS32 [-R-]
SS =0010 00000000 ffffffff 00cf9300 DPL=0 DS   [-WA]
DS =0010 00000000 ffffffff 00cf9300 DPL=0 DS   [-WA]
FS =0000 00000000 00000000 00000000
GS =0000 00000000 0000ffff 00009300 DPL=0 DS16 [-WA]
LDT=0000 00000000 0000ffff 00008200 DPL=0 LDT
TR =0028 0012b000 00000067 00408900 DPL=0 TSS32-avl
GDT=     00109020 00000030
IDT=     00106c40 00000800
CR0=80000011 CR2=00000000 CR3=0012a000 CR4=00000000
DR0=00000000 DR1=00000000 DR2=00000000 DR3=00000000 
DR6=ffff0ff0 DR7=00000400
CCS=00000000 CCD=00000002 CCO=INCL    
EFER=0000000000000000
     8: v=20 e=0000 i=0 cpl=0 IP=0008:00101dcd pc=00101dcd SP=0010:001fff80 env->regs[R_EAX]=0012b0f4
EAX=0012b0f4 EBX=0012b0f4 ECX=00000001 EDX=ffffffff
ESI=0012cd80 EDI=000080d4 EBP=001fff98 ESP=001fff80
EIP=00101dcd EFL=00000202 [-------] CPL=0 II=0 A20=1 SMM=0 HLT=0
ES =0010 00000000 ffffffff 00cf9300 DPL=0 DS   [-WA]
CS =0008 00000000 ffffffff 00cf9a00 DPL=0 CS32 [-R-]
SS =0010 00000000 ffffffff 00cf9300 DPL=0 DS   [-WA]
DS =0010 00000000 ffffffff 00cf9300 DPL=0 DS   [-WA]
FS =0000 00000000 00000000 00000000
GS =0000 00000000 0000ffff 00009300 DPL=0 DS16 [-WA]
LDT=0000 00000000 0000ffff 00008200 DPL=0 LDT
TR =0028 0012b000 00000067 00408900 DPL=0 TSS32-avl
GDT=     00109020 00000030
IDT=     00106c40 00000800
CR0=80000011 CR2=00000000 CR3=0012a000 CR4=00000000
DR0=00000000 DR1=00000000 DR2=00000000 DR3=00000000 
DR6=ffff0ff0 DR7=00000400
CCS=00000000 CCD=001fff74 CCO=EFLAGS  
EFER=0000000000000000
     9: v=81 e=0000 i=1 cpl=0 IP=0008:00101f72 pc=00101f72 SP=0010:001fff14 env->regs[R_EAX]=0012b080
EAX=0012b080 EBX=001fff4c ECX=00000001 EDX=ffffffff
ESI=0012cd80 EDI=000080d4 EBP=001fff20 ESP=001fff14
EIP=00101f72 EFL=00000006 [-----P-] CPL=0 II=0 A20=1 SMM=0 HLT=0
ES =0010 00000000 ffffffff 00cf9300 DPL=0 DS   [-WA]
CS =0008 00000000 ffffffff 00cf9a00 DPL=0 CS32 [-R-]
SS =0010 00000000 ffffffff 00cf9300 DPL=0 DS   [-WA]
DS =0010 00000000 ffffffff 00cf9300 DPL=0 DS   [-WA]
FS =0000 00000000 00000000 00000000
GS =0000 00000000 0000ffff 00009300 DPL=0 DS16 [-WA]
LDT=0000 00000000 0000ffff 00008200 DPL=0 LDT
TR =0028 0012b000 00000067 00408900 DPL=0 TSS32-avl
GDT=     00109020 00000030
IDT=     00106c40 00000800
CR0=80000011 CR2=00000000 CR3=0012a000 CR4=00000000
DR0=00000000 DR1=00000000 DR2=00000000 DR3=00000000 
DR6=ffff0ff0 DR7=00000400
CCS=00000000 CCD=00000003 CCO=INCL    
EFER=0000000000000000
    10: v=20 e=0000 i=0 cpl=0 IP=0008:00101dcd pc=00101dcd SP=0010:001fff80 env->regs[R_EAX]=0012b0f4
EAX=0012b0f4 EBX=0012b0f4 ECX=00000001 EDX=ffffffff
ESI=0012cd80 EDI=000080d4 EBP=001fff98 ESP=001fff80
EIP=00101dcd EFL=00000202 [-------] CPL=0 II=0 A20=1 SMM=0 HLT=0
ES =0010 00000000 ffffffff 00cf9300 DPL=0 DS   [-WA]
CS =0008 00000000 ffffffff 00cf9a00 DPL=0 CS32 [-R-]
SS =0010 00000000 ffffffff 00cf9300 DPL=0 DS   [-WA]
DS =0010 00000000 ffffffff 00cf9300 DPL=0 DS   [-WA]
FS =0000 00000000 00000000 00000000
GS =0000 00000000 0000ffff 00009300 DPL=0 DS16 [-WA]
LDT=0000 00000000 0000ffff 00008200 DPL=0 LDT
TR =0028 0012b000 00000067 00408900 DPL=0 TSS32-avl
GDT=     00109020 00000030
IDT=     00106c40 00000800
CR0=80000011 CR2=00000000 CR3=0012a000 CR4=00000000
DR0=00000000 DR1=00000000 DR2=00000000 DR3=00000000 
DR6=ffff0ff0 DR7=00000400
CCS=00000000 CCD=001fff74 CCO=EFLAGS  
EFER=0000000000000000
    11: v=81 e=0000 i=1 cpl=0 IP=0008:00101f72 pc=00101f72 SP=0010:001fff14 env->regs[R_EAX]=0012b080
EAX=0012b080 EBX=001fff4c ECX=00000001 EDX=ffffffff
ESI=0012cd80 EDI=000080d4 EBP=001fff20 ESP=001fff14
EIP=00101f72 EFL=00000002 [-------] CPL=0 II=0 A20=1 SMM=0 HLT=0
ES =0010 00000000 ffffffff 00cf9300 DPL=0 DS   [-WA]
CS =0008 00000000 ffffffff 00cf9a00 DPL=0 CS32 [-R-]
SS =0010 00000000 ffffffff 00cf9300 DPL=0 DS   [-WA]
DS =0010 00000000 ffffffff 00cf9300 DPL=0 DS   [-WA]
FS =0000 00000000 00000000 00000000
GS =0000 00000000 0000ffff 00009300 DPL=0 DS16 [-WA]
LDT=0000 00000000 0000ffff 00008200 DPL=0 LDT
TR =0028 0012b000 00000067 00408900 DPL=0 TSS32-avl
GDT=     00109020 00000030
IDT=     00106c40 00000800
CR0=80000011 CR2=00000000 CR3=0012a000 CR4=00000000
DR0=00000000 DR1=00000000 DR2=00000000 DR3=00000000 
DR6=ffff0ff0 DR7=00000400
CCS=00000000 CCD=00000004 CCO=INCL    
EFER=0000000000000000
    12: v=20 e=0000 i=0 cpl=0 IP=0008:00101dcd pc=00101dcd SP=0010:001fff80 env->regs[R_EAX]=0012b0f4
EAX=0012b0f4 EBX=0012b0f4 ECX=00000001 EDX=ffffffff
ESI=0012cd80 EDI=000080d4 EBP=001fff98 ESP=001fff80
EIP=00101dcd EFL=00000202 [-------] CPL=0 II=0 A20=1 SMM=0 HLT=0
ES =0010 00000000 ffffffff 00cf9300 DPL=0 DS   [-WA]
CS =0008 00000000 ffffffff 00cf9a00 DPL=0 CS32 [-R-]
SS =0010 00000000 ffffffff 00cf9300 DPL=0 DS   [-WA]
DS =0010 00000000 ffffffff 00cf9300 DPL=0 DS   [-WA]
FS =0000 00000000 00000000 00000000
GS =0000 00000000 0000ffff 00009300 DPL=0 DS16 [-WA]
LDT=0000 00000000 0000ffff 00008200 DPL=0 LDT
TR =0028 0012b000 00000067 00408900 DPL=0 TSS32-avl
GDT=     00109020 00000030
IDT=     00106c40 00000800
CR0=80000011 CR2=00000000 CR3=0012a000 CR4=00000000
DR0=00000000 DR1=00000000 DR2=00000000 DR3=00000000 
DR6=ffff0ff0 DR7=00000400
CCS=00000000 CCD=001fff74 CCO=EFLAGS  
EFER=0000000000000000
    13: v=81 e=0000 i=1 cpl=0 IP=0008:00101f72 pc=00101f72 SP=0010:001fff14 env->regs[R_EAX]=0012b080
EAX=0012b080 EBX=001fff4c ECX=00000001 EDX=ffffffff
ESI=0012cd80 EDI=000080d4 EBP=001fff20 ESP=001fff14
EIP=00101f72 EFL=00000006 [-----P-] CPL=0 II=0 A20=1 SMM=0 HLT=0
ES =0010 00000000 ffffffff 00cf9300 DPL=0 DS   [-WA]
CS =0008 00000000 ffffffff 00cf9a00 DPL=0 CS32 [-R-]
SS =0010 00000000 ffffffff 00cf9300 DPL=0 DS   [-WA]
DS =0010 00000000 ffffffff 00cf9300 DPL=0 DS   [-WA]
FS =0000 00000000 00000000 00000000
GS =0000 00000000 0000ffff 00009300 DPL=0 DS16 [-WA]
LDT=0000 00000000 0000ffff 00008200 DPL=0 LDT
TR =0028 0012b000 00000067 00408900 DPL=0 TSS32-avl
GDT=     00109020 00000030
IDT=     00106c40 00000800
CR0=80000011 CR2=00000000 CR3=0012a000 CR4=00000000
DR0=00000000 DR1=00000000 DR2=00000000 DR3=00000000 
DR6=ffff0ff0 DR7=00000400
CCS=00000000 CCD=00000005 CCO=INCL    
EFER=0000000000000000
    14: v=20 e=0000 i=0 cpl=0 IP=0008:00101dcd pc=00101dcd SP=0010:001fff80 env->regs[R_EAX]=0012b0f4
EAX=0012b0f4 EBX=0012b0f4 ECX=00000001 EDX=ffffffff
ESI=0012cd80 EDI=000080d4 EBP=001fff98 ESP=001fff80
EIP=00101dcd EFL=00000202 [-------] CPL=0 II=0 A20=1 SMM=0 HLT=0
ES =0010 00000000 ffffffff 00cf9300 DPL=0 DS   [-WA]
CS =0008 00000000 ffffffff 00cf9a00 DPL=0 CS32 [-R-]
SS =0010 00000000 ffffffff 00cf9300 DPL=0 DS   [-WA]
DS =0010 00000000 ffffffff 00cf9300 DPL=0 DS   [-WA]
FS =0000 00000000 00000000 00000000
GS =0000 00000000 0000ffff 00009300 DPL=0 DS16 [-WA]
LDT=0000 00000000 0000ffff 00008200 DPL=0 LDT
TR =0028 0012b000 00000067 00408900 DPL=0 TSS32-avl
GDT=     00109020 00000030
IDT=     00106c40 00000800
CR0=80000011 CR2=00000000 CR3=0012a000 CR4=00000000
DR0=00000000 DR1=00000000 DR2=00000000 DR3=00000000 
DR6=ffff0ff0 DR7=00000400
CCS=00000000 CCD=001fff74 CCO=EFLAGS  
EFER=0000000000000000
    15: v=81 e=0000 i=1 cpl=0 IP=0008:00101f72 pc=00101f72 SP=0010:001fff14 env->regs[R_EAX]=0012b080
EAX=0012b080 EBX=001fff4c ECX=00000001 EDX=ffffffff
ESI=0012cd80 EDI=000080d4 EBP=001fff20 ESP=001fff14
EIP=00101f72 EFL=00000006 [-----P-] CPL=0 II=0 A20=1 SMM=0 HLT=0
ES =0010 00000000 ffffffff 00cf9300 DPL=0 DS   [-WA]
CS =0008 00000000 ffffffff 00cf9a00 DPL=0 CS32 [-R-]
SS =0010 00000000 ffffffff 00cf9300 DPL=0 DS   [-WA]
DS =0010 00000000 ffffffff 00cf9300 DPL=0 DS   [-WA]
FS =0000 00000000 00000000 00000000
GS =0000 00000000 0000ffff 00009300 DPL=0 DS16 [-WA]
LDT=0000 00000000 0000ffff 00008200 DPL=0 LDT
TR =0028 0012b000 00000067 00408900 DPL=0 TSS32-avl
GDT=     00109020 00000030
IDT=     00106c40 00000800
CR0=80000011 CR2=00000000 CR3=0012a000 CR4=00000000
DR0=00000000 DR1=00000000 DR2=00000000 DR3=00000000 
DR6=ffff0ff0 DR7=00000400
CCS=00000000 CCD=00000006 CCO=INCL    
EFER=0000000000000000
    16: v=20 e=0000 i=0 cpl=0 IP=0008:00101dcd pc=00101dcd SP=0010:001fff80 env->regs[R_EAX]=0012b0f4
EAX=0012b0f4 EBX=0012b0f4 ECX=00000001 EDX=ffffffff
ESI=0012cd80 EDI=000080d4 EBP=001fff98 ESP=001fff80
EIP=00101dcd EFL=00000202 [-------] CPL=0 II=0 A20=1 SMM=0 HLT=0
ES =0010 00000000 ffffffff 00cf9300 DPL=0 DS   [-WA]
CS =0008 00000000 ffffffff 00cf9a00 DPL=0 CS32 [-R-]
SS =0010 00000000 ffffffff 00cf9300 DPL=0 DS   [-WA]
DS =0010 00000000 ffffffff 00cf9300 DPL=0 DS   [-WA]
FS =0000 00000000 00000000 00000000
GS =0000 00000000 0000ffff 00009300 DPL=0 DS16 [-WA]
LDT=0000 00000000 0000ffff 00008200 DPL=0 LDT
TR =0028 0012b000 00000067 00408900 DPL=0 TSS32-avl
GDT=     00109020 00000030
IDT=     00106c40 00000800
CR0=80000011 CR2=00000000 CR3=0012a000 CR4=00000000
DR0=00000000 DR1=00000000 DR2=00000000 DR3=00000000 
DR6=ffff0ff0 DR7=00000400
CCS=00000000 CCD=001fff74 CCO=EFLAGS  
EFER=0000000000000000
    17: v=81 e=0000 i=1 cpl=0 IP=0008:00101f72 pc=00101f72 SP=0010:001fff14 env->regs[R_EAX]=0012b080
EAX=0012b080 EBX=001fff4c ECX=00000001 EDX=ffffffff
ESI=0012cd80 EDI=000080d4 EBP=001fff20 ESP=001fff14
EIP=00101f72 EFL=00000002 [-------] CPL=0 II=0 A20=1 SMM=0 HLT=0
ES =0010 00000000 ffffffff 00cf9300 DPL=0 DS   [-WA]
CS =0008 00000000 ffffffff 00cf9a00 DPL=0 CS32 [-R-]
SS =0010 00000000 ffffffff 00cf9300 DPL=0 DS   [-WA]
DS =0010 00000000 ffffffff 00cf9300 DPL=0 DS   [-WA]
FS =0000 00000000 00000000 00000000
GS =0000 00000000 0000ffff 00009300 DPL=0 DS16 [-WA]
LDT=0000 00000000 0000ffff 00008200 DPL=0 LDT
TR =0028 0012b000 00000067 00408900 DPL=0 TSS32-avl
GDT=     00109020 00000030
IDT=     00106c40 00000800
CR0=80000011 CR2=00000000 CR3=0012a000 CR4=00000000
DR0=00000000 DR1=00000000 DR2=00000000 DR3=00000000 
DR6=ffff0ff0 DR7=00000400
CCS=00000000 CCD=00000007 CCO=INCL    
EFER=0000000000000000
    18: v=20 e=0000 i=0 cpl=0 IP=0008:00101dcd pc=00101dcd SP=0010:001fff80 env->regs[R_EAX]=0012b0f4
EAX=0012b0f4 EBX=0012b0f4 ECX=00000001 EDX=ffffffff
ESI=0012cd80 EDI=000080d4 EBP=001fff98 ESP=001fff80
EIP=00101dcd EFL=00000202 [-------] CPL=0 II=0 A20=1 SMM=0 HLT=0
ES =0010 00000000 ffffffff 00cf9300 DPL=0 DS   [-WA]
CS =0008 00000000 ffffffff 00cf9a00 DPL=0 CS32 [-R-]
SS =0010 00000000 ffffffff 00cf9300 DPL=0 DS   [-WA]
DS =0010 00000000 ffffffff 00cf9300 DPL=0 DS   [-WA]
FS =0000 00000000 00000000 00000000
GS =0000 00000000 0000ffff 00009300 DPL=0 DS16 [-WA]
LDT=0000 00000000 0000ffff 00008200 DPL=0 LDT
TR =0028 0012b000 00000067 00408900 DPL=0 TSS32-avl
GDT=     00109020 00000030
IDT=     00106c40 00000800
CR0=80000011 CR2=00000000 CR3=0012a000 CR4=00000000
DR0=00000000 DR1=00000000 DR2=00000000 DR3=00000000 
DR6=ffff0ff0 DR7=00000400
CCS=00000000 CCD=001fff74 CCO=EFLAGS  
EFER=0000000000000000
    19: v=81 e=0000 i=1 cpl=0 IP=0008:00101f72 pc=00101f72 SP=0010:001fff14 env->regs[R_EAX]=0012b080
EAX=0012b080 EBX=001fff4c ECX=00000001 EDX=ffffffff
ESI=0012cd80 EDI=000080d4 EBP=001fff20 ESP=001fff14
EIP=00101f72 EFL=00000002 [-------] CPL=0 II=0 A20=1 SMM=0 HLT=0
ES =0010 00000000 ffffffff 00cf9300 DPL=0 DS   [-WA]
CS =0008 00000000 ffffffff 00cf9a00 DPL=0 CS32 [-R-]
SS =0010 00000000 ffffffff 00cf9300 DPL=0 DS   [-WA]
DS =0010 00000000 ffffffff 00cf9300 DPL=0 DS   [-WA]
FS =0000 00000000 00000000 00000000
GS =0000 00000000 0000ffff 00009300 DPL=0 DS16 [-WA]
LDT=0000 00000000 0000ffff 00008200 DPL=0 LDT
TR =0028 0012b000 00000067 00408900 DPL=0 TSS32-avl
GDT=     00109020 00000030
IDT=     00106c40 00000800
CR0=80000011 CR2=00000000 CR3=0012a000 CR4=00000000
DR0=00000000 DR1=00000000 DR2=00000000 DR3=00000000 
DR6=ffff0ff0 DR7=00000400
CCS=00000000 CCD=00000008 CCO=INCL    
EFER=0000000000000000
    20: v=20 e=0000 i=0 cpl=0 IP=0008:00101dcd pc=00101dcd SP=0010:001fff80 env->regs[R_EAX]=0012b0f4
EAX=0012b0f4 EBX=0012b0f4 ECX=00000001 EDX=ffffffff
ESI=0012cd80 EDI=000080d4 EBP=001fff98 ESP=001fff80
EIP=00101dcd EFL=00000202 [-------] CPL=0 II=0 A20=1 SMM=0 HLT=0
ES =0010 00000000 ffffffff 00cf9300 DPL=0 DS   [-WA]
CS =0008 00000000 ffffffff 00cf9a00 DPL=0 CS32 [-R-]
SS =0010 00000000 ffffffff 00cf9300 DPL=0 DS   [-WA]
DS =0010 00000000 ffffffff 00cf9300 DPL=0 DS   [-WA]
FS =0000 00000000 00000000 00000000
GS =0000 00000000 0000ffff 00009300 DPL=0 DS16 [-WA]
LDT=0000 00000000 0000ffff 00008200 DPL=0 LDT
TR =0028 0012b000 00000067 00408900 DPL=0 TSS32-avl
GDT=     00109020 00000030
IDT=     00106c40 00000800
CR0=80000011 CR2=00000000 CR3=0012a000 CR4=00000000
DR0=00000000 DR1=00000000 DR2=00000000 DR3=00000000 
DR6=ffff0ff0 DR7=00000400
CCS=00000000 CCD=001fff74 CCO=EFLAGS  
EFER=0000000000000000
    21: v=81 e=0000 i=1 cpl=0 IP=0008:00101f72 pc=00101f72 SP=0010:001fff14 env->regs[R_EAX]=0012b080
EAX=0012b080 EBX=001fff4c ECX=00000001 EDX=ffffffff
ESI=0012cd80 EDI=000080d4 EBP=001fff20 ESP=001fff14
EIP=00101f72 EFL=00000006 [-----P-] CPL=0 II=0 A20=1 SMM=0 HLT=0
ES =0010 00000000 ffffffff 00cf9300 DPL=0 DS   [-WA]
CS =0008 00000000 ffffffff 00cf9a00 DPL=0 CS32 [-R-]
SS =0010 00000000 ffffffff 00cf9300 DPL=0 DS   [-WA]
DS =0010 00000000 ffffffff 00cf9300 DPL=0 DS   [-WA]
FS =0000 00000000 00000000 00000000
GS =0000 00000000 0000ffff 00009300 DPL=0 DS16 [-WA]
LDT=0000 00000000 0000ffff 00008200 DPL=0 LDT
TR =0028 0012b000 00000067 00408900 DPL=0 TSS32-avl
GDT=     00109020 00000030
IDT=     00106c40 00000800
CR0=80000011 CR2=00000000 CR3=0012a000 CR4=00000000
DR0=00000000 DR1=00000000 DR2=00000000 DR3=00000000 
DR6=ffff0ff0 DR7=00000400
CCS=00000000 CCD=00000009 CCO=INCL    
EFER=0000000000000000
